<?xml version="1.0" encoding="UTF-8"?>
<!-- Generated by org.testng.reporters.JUnitReportReporter -->
<testsuite skipped="0" hostname="Veenas-MacBook-Pro.local" name="TestCases.TC_Login" tests="1" failures="0" timestamp="19 Nov 2021 15:08:03 GMT" time="2.262" errors="0">
  <testcase name="loginTest" time="2.262" classname="TestCases.TC_Login"/>
</testsuite> <!-- TestCases.TC_Login -->
