<?xml version="1.0" encoding="UTF-8"?>
<!-- Generated by org.testng.reporters.JUnitReportReporter -->
<testsuite skipped="0" hostname="Veenas-MacBook-Pro.local" name="TestCases.TC_Login" tests="1" failures="0" timestamp="20 Nov 2021 20:12:24 GMT" time="2.352" errors="0">
  <testcase name="loginTest" time="2.352" classname="TestCases.TC_Login"/>
</testsuite> <!-- TestCases.TC_Login -->
